[0m[[0m[0mdebug[0m] [0m[0m> Exec(test, Some(15a768eb-1a2d-4bf5-a5e3-87454abc586e), Some(CommandSource(console0)))[0m
[0m[[0m[0mdebug[0m] [0m[0mEvaluating tasks: Test / test[0m
[0m[[0m[0mdebug[0m] [0m[0mRunning task... Cancel: Signal, check cycles: false, forcegc: true[0m
[0m[[0m[0minfo[0m] [0m[0m[32mTP_MapReduce_Test:[0m[0m
[0m[[0m[0minfo[0m] [0m[0m[32m- giveMeHelloString function[0m[0m
[0m[[0m[0minfo[0m] [0m[0m[32m- lastA function[0m[0m
[0m[[0m[0minfo[0m] [0m[0m[32m- lastB function[0m[0m
[0m[[0m[0minfo[0m] [0m[0m[32m- nthA function[0m[0m
[0m[[0m[0minfo[0m] [0m[0m[32m- nthB function[0m[0m
[0m[[0m[0minfo[0m] [0m[0m[32m- reverseA function[0m[0m
[0m[[0m[0minfo[0m] [0m[0m[32m- reverseB function[0m[0m
[0m[[0m[0minfo[0m] [0m[0m[32m- salarySum function[0m[0m
[0m[[0m[0minfo[0m] [0m[0m[32m- addressOf function[0m[0m
[0m[[0m[0minfo[0m] [0m[0m[32m- average function[0m[0m
[0m[[0m[0minfo[0m] [0m[0m[32m- monoid[0m[0m
[0m[[0m[0minfo[0m] [0m[0m[36mRun completed in 367 milliseconds.[0m[0m
[0m[[0m[0minfo[0m] [0m[0m[36mTotal number of tests run: 11[0m[0m
[0m[[0m[0minfo[0m] [0m[0m[36mSuites: completed 1, aborted 0[0m[0m
[0m[[0m[0minfo[0m] [0m[0m[36mTests: succeeded 11, failed 0, canceled 0, ignored 0, pending 0[0m[0m
[0m[[0m[0minfo[0m] [0m[0m[32mAll tests passed.[0m[0m
[0m[[0m[32msuccess[0m] [0m[0mTotal time: 1 s, completed 9 févr. 2021 14:27:51[0m
[0m[[0m[0mdebug[0m] [0m[0m> Exec(shell, None, None)[0m
[0m[[0m[0mdebug[0m] [0m[0mForcing garbage collection...[0m
